<?xml version="1.0" encoding="UTF-8"?>
<!-- Generated by org.testng.reporters.JUnitReportReporter -->
<testsuite skipped="1" hostname="5CD138MBH9" name="Management.LauchingFacebook" tests="2" failures="0" timestamp="2022-02-21T15:03:58 IST" time="2.140" errors="1">
  <testcase name="display" time="2.140" classname="Management.LauchingFacebook">
    <error type="org.openqa.selenium.SessionNotCreatedException" message="session not created: This version of ChromeDriver only supports Chrome version 96
Current browser version is 98.0.4758.102 with binary path C:\Program Files\Google\Chrome\Application\chrome.exe
Build info: version: &#039;3.10.0&#039;, revision: &#039;176b4a9&#039;, time: &#039;2018-03-02T19:11:12.151Z&#039;
System info: host: &#039;5CD138MBH9&#039;, ip: &#039;192.168.0.124&#039;, os.name: &#039;Windows 10&#039;, os.arch: &#039;amd64&#039;, os.version: &#039;10.0&#039;, java.version: &#039;1.8.0_311&#039;
Driver info: driver.version: ChromeDriver
remote stacktrace: Backtrace:
	Ordinal0 [0x00756903+2517251]
	Ordinal0 [0x006EF8E1+2095329]
	Ordinal0 [0x005F2848+1058888]
	Ordinal0 [0x00610B9D+1182621]
	Ordinal0 [0x0060CA60+1165920]
	Ordinal0 [0x0060A2CF+1155791]
	Ordinal0 [0x0063AAAF+1354415]
	Ordinal0 [0x0063A71A+1353498]
	Ordinal0 [0x0063639B+1336219]
	Ordinal0 [0x006127A7+1189799]
	Ordinal0 [0x00613609+1193481]
	GetHandleVerifier [0x008E5904+1577972]
	GetHandleVerifier [0x00990B97+2279047]
	GetHandleVerifier [0x007E6D09+534521]
	GetHandleVerifier [0x007E5DB9+530601]
	Ordinal0 [0x006F4FF9+2117625]
	Ordinal0 [0x006F98A8+2136232]
	Ordinal0 [0x006F99E2+2136546]
	Ordinal0 [0x00703541+2176321]
	BaseThreadInitThunk [0x768DFA29+25]
	RtlGetAppContainerNamedObjectPath [0x77377A9E+286]
	RtlGetAppContainerNamedObjectPath [0x77377A6E+238]
">
      <![CDATA[org.openqa.selenium.SessionNotCreatedException: session not created: This version of ChromeDriver only supports Chrome version 96
Current browser version is 98.0.4758.102 with binary path C:\Program Files\Google\Chrome\Application\chrome.exe
Build info: version: '3.10.0', revision: '176b4a9', time: '2018-03-02T19:11:12.151Z'
System info: host: '5CD138MBH9', ip: '192.168.0.124', os.name: 'Windows 10', os.arch: 'amd64', os.version: '10.0', java.version: '1.8.0_311'
Driver info: driver.version: ChromeDriver
remote stacktrace: Backtrace:
Ordinal0 [0x00756903+2517251]
Ordinal0 [0x006EF8E1+2095329]
Ordinal0 [0x005F2848+1058888]
Ordinal0 [0x00610B9D+1182621]
Ordinal0 [0x0060CA60+1165920]
Ordinal0 [0x0060A2CF+1155791]
Ordinal0 [0x0063AAAF+1354415]
Ordinal0 [0x0063A71A+1353498]
Ordinal0 [0x0063639B+1336219]
Ordinal0 [0x006127A7+1189799]
Ordinal0 [0x00613609+1193481]
GetHandleVerifier [0x008E5904+1577972]
GetHandleVerifier [0x00990B97+2279047]
GetHandleVerifier [0x007E6D09+534521]
GetHandleVerifier [0x007E5DB9+530601]
Ordinal0 [0x006F4FF9+2117625]
Ordinal0 [0x006F98A8+2136232]
Ordinal0 [0x006F99E2+2136546]
Ordinal0 [0x00703541+2176321]
BaseThreadInitThunk [0x768DFA29+25]
RtlGetAppContainerNamedObjectPath [0x77377A9E+286]
RtlGetAppContainerNamedObjectPath [0x77377A6E+238]

at sun.reflect.NativeConstructorAccessorImpl.newInstance0(Native Method)
at sun.reflect.NativeConstructorAccessorImpl.newInstance(NativeConstructorAccessorImpl.java:62)
at sun.reflect.DelegatingConstructorAccessorImpl.newInstance(DelegatingConstructorAccessorImpl.java:45)
at java.lang.reflect.Constructor.newInstance(Constructor.java:423)
at org.openqa.selenium.remote.W3CHandshakeResponse.lambda$new$0(W3CHandshakeResponse.java:57)
at org.openqa.selenium.remote.W3CHandshakeResponse.lambda$getResponseFunction$2(W3CHandshakeResponse.java:104)
at org.openqa.selenium.remote.ProtocolHandshake.lambda$createSession$0(ProtocolHandshake.java:123)
at java.util.stream.ReferencePipeline$3$1.accept(ReferencePipeline.java:193)
at java.util.Spliterators$ArraySpliterator.tryAdvance(Spliterators.java:958)
at java.util.stream.ReferencePipeline.forEachWithCancel(ReferencePipeline.java:126)
at java.util.stream.AbstractPipeline.copyIntoWithCancel(AbstractPipeline.java:499)
at java.util.stream.AbstractPipeline.copyInto(AbstractPipeline.java:486)
at java.util.stream.AbstractPipeline.wrapAndCopyInto(AbstractPipeline.java:472)
at java.util.stream.FindOps$FindOp.evaluateSequential(FindOps.java:152)
at java.util.stream.AbstractPipeline.evaluate(AbstractPipeline.java:234)
at java.util.stream.ReferencePipeline.findFirst(ReferencePipeline.java:464)
at org.openqa.selenium.remote.ProtocolHandshake.createSession(ProtocolHandshake.java:126)
at org.openqa.selenium.remote.ProtocolHandshake.createSession(ProtocolHandshake.java:73)
at org.openqa.selenium.remote.HttpCommandExecutor.execute(HttpCommandExecutor.java:138)
at org.openqa.selenium.remote.service.DriverCommandExecutor.execute(DriverCommandExecutor.java:83)
at org.openqa.selenium.remote.RemoteWebDriver.execute(RemoteWebDriver.java:601)
at org.openqa.selenium.remote.RemoteWebDriver.startSession(RemoteWebDriver.java:219)
at org.openqa.selenium.remote.RemoteWebDriver.<init>(RemoteWebDriver.java:142)
at org.openqa.selenium.chrome.ChromeDriver.<init>(ChromeDriver.java:181)
at org.openqa.selenium.chrome.ChromeDriver.<init>(ChromeDriver.java:168)
at org.openqa.selenium.chrome.ChromeDriver.<init>(ChromeDriver.java:123)
at Management.LauchingFacebook.display(LauchingFacebook.java:18)
at sun.reflect.NativeMethodAccessorImpl.invoke0(Native Method)
at sun.reflect.NativeMethodAccessorImpl.invoke(NativeMethodAccessorImpl.java:62)
at sun.reflect.DelegatingMethodAccessorImpl.invoke(DelegatingMethodAccessorImpl.java:43)
at java.lang.reflect.Method.invoke(Method.java:498)
at org.testng.internal.MethodInvocationHelper.invokeMethod(MethodInvocationHelper.java:133)
at org.testng.internal.MethodInvocationHelper.invokeMethodConsideringTimeout(MethodInvocationHelper.java:62)
at org.testng.internal.ConfigInvoker.invokeConfigurationMethod(ConfigInvoker.java:385)
at org.testng.internal.ConfigInvoker.invokeConfigurations(ConfigInvoker.java:321)
at org.testng.TestRunner.invokeTestConfigurations(TestRunner.java:637)
at org.testng.TestRunner.beforeRun(TestRunner.java:627)
at org.testng.TestRunner.run(TestRunner.java:589)
at org.testng.SuiteRunner.runTest(SuiteRunner.java:377)
at org.testng.SuiteRunner.runSequentially(SuiteRunner.java:371)
at org.testng.SuiteRunner.privateRun(SuiteRunner.java:332)
at org.testng.SuiteRunner.run(SuiteRunner.java:276)
at org.testng.SuiteRunnerWorker.runSuite(SuiteRunnerWorker.java:53)
at org.testng.SuiteRunnerWorker.run(SuiteRunnerWorker.java:96)
at org.testng.TestNG.runSuitesSequentially(TestNG.java:1212)
at org.testng.TestNG.runSuitesLocally(TestNG.java:1134)
at org.testng.TestNG.runSuites(TestNG.java:1063)
at org.testng.TestNG.run(TestNG.java:1031)
at org.testng.remote.AbstractRemoteTestNG.run(AbstractRemoteTestNG.java:115)
at org.testng.remote.RemoteTestNG.initAndRun(RemoteTestNG.java:251)
at org.testng.remote.RemoteTestNG.main(RemoteTestNG.java:77)
]]>
    </error>
  </testcase> <!-- display -->
  <system-out/>
  <testcase name="sample" time="0.000" classname="Management.LauchingFacebook">
    <skipped/>
  </testcase> <!-- sample -->
  <system-out/>
</testsuite> <!-- Management.LauchingFacebook -->
